CRITICAL - 2021-06-03 11:45:43 --> syntax error, unexpected '$perPag' (T_VARIABLE)
#0 C:\xampp\htdocs\base_projeto\system\Autoloader\Autoloader.php(296): CodeIgniter\Autoloader\Autoloader->requireFile('C:\\xampp\\htdocs...')
#1 C:\xampp\htdocs\base_projeto\system\Autoloader\Autoloader.php(258): CodeIgniter\Autoloader\Autoloader->loadInNamespace('App\\Filters\\Use...')
#2 [internal function]: CodeIgniter\Autoloader\Autoloader->loadClass('App\\Filters\\Use...')
#3 C:\xampp\htdocs\base_projeto\system\Filters\Filters.php(164): spl_autoload_call('App\\Filters\\Use...')
#4 C:\xampp\htdocs\base_projeto\system\CodeIgniter.php(378): CodeIgniter\Filters\Filters->run('/usu/usu002', 'before')
#5 C:\xampp\htdocs\base_projeto\system\CodeIgniter.php(308): CodeIgniter\CodeIgniter->handleRequest(NULL, Object(Config\Cache), false)
#6 C:\xampp\htdocs\base_projeto\public\index.php(45): CodeIgniter\CodeIgniter->run()
#7 {main}
CRITICAL - 2021-06-03 12:43:36 --> syntax error, unexpected '}'
#0 C:\xampp\htdocs\base_projeto\system\Autoloader\Autoloader.php(296): CodeIgniter\Autoloader\Autoloader->requireFile('C:\\xampp\\htdocs...')
#1 C:\xampp\htdocs\base_projeto\system\Autoloader\Autoloader.php(258): CodeIgniter\Autoloader\Autoloader->loadInNamespace('App\\Filters\\Use...')
#2 [internal function]: CodeIgniter\Autoloader\Autoloader->loadClass('App\\Filters\\Use...')
#3 C:\xampp\htdocs\base_projeto\system\Filters\Filters.php(164): spl_autoload_call('App\\Filters\\Use...')
#4 C:\xampp\htdocs\base_projeto\system\CodeIgniter.php(378): CodeIgniter\Filters\Filters->run('/', 'before')
#5 C:\xampp\htdocs\base_projeto\system\CodeIgniter.php(308): CodeIgniter\CodeIgniter->handleRequest(NULL, Object(Config\Cache), false)
#6 C:\xampp\htdocs\base_projeto\public\index.php(45): CodeIgniter\CodeIgniter->run()
#7 {main}
CRITICAL - 2021-06-03 12:44:03 --> syntax error, unexpected ';'
#0 C:\xampp\htdocs\base_projeto\system\Autoloader\Autoloader.php(296): CodeIgniter\Autoloader\Autoloader->requireFile('C:\\xampp\\htdocs...')
#1 C:\xampp\htdocs\base_projeto\system\Autoloader\Autoloader.php(258): CodeIgniter\Autoloader\Autoloader->loadInNamespace('App\\Filters\\Use...')
#2 [internal function]: CodeIgniter\Autoloader\Autoloader->loadClass('App\\Filters\\Use...')
#3 C:\xampp\htdocs\base_projeto\system\Filters\Filters.php(164): spl_autoload_call('App\\Filters\\Use...')
#4 C:\xampp\htdocs\base_projeto\system\CodeIgniter.php(378): CodeIgniter\Filters\Filters->run('/', 'before')
#5 C:\xampp\htdocs\base_projeto\system\CodeIgniter.php(308): CodeIgniter\CodeIgniter->handleRequest(NULL, Object(Config\Cache), false)
#6 C:\xampp\htdocs\base_projeto\public\index.php(45): CodeIgniter\CodeIgniter->run()
#7 {main}
CRITICAL - 2021-06-03 12:44:31 --> syntax error, unexpected ';'
#0 C:\xampp\htdocs\base_projeto\system\Autoloader\Autoloader.php(296): CodeIgniter\Autoloader\Autoloader->requireFile('C:\\xampp\\htdocs...')
#1 C:\xampp\htdocs\base_projeto\system\Autoloader\Autoloader.php(258): CodeIgniter\Autoloader\Autoloader->loadInNamespace('App\\Filters\\Use...')
#2 [internal function]: CodeIgniter\Autoloader\Autoloader->loadClass('App\\Filters\\Use...')
#3 C:\xampp\htdocs\base_projeto\system\Filters\Filters.php(164): spl_autoload_call('App\\Filters\\Use...')
#4 C:\xampp\htdocs\base_projeto\system\CodeIgniter.php(378): CodeIgniter\Filters\Filters->run('/', 'before')
#5 C:\xampp\htdocs\base_projeto\system\CodeIgniter.php(308): CodeIgniter\CodeIgniter->handleRequest(NULL, Object(Config\Cache), false)
#6 C:\xampp\htdocs\base_projeto\public\index.php(45): CodeIgniter\CodeIgniter->run()
#7 {main}
