CRITICAL - 2021-07-02 09:06:40 --> Call to undefined function App\Controllers\mysql_connect()
#0 C:\xampp\htdocs\cpanel\system\CodeIgniter.php(914): App\Controllers\Login->index()
#1 C:\xampp\htdocs\cpanel\system\CodeIgniter.php(400): CodeIgniter\CodeIgniter->runController(Object(App\Controllers\Login))
#2 C:\xampp\htdocs\cpanel\system\CodeIgniter.php(308): CodeIgniter\CodeIgniter->handleRequest(NULL, Object(Config\Cache), false)
#3 C:\xampp\htdocs\cpanel\public\index.php(45): CodeIgniter\CodeIgniter->run()
#4 {main}
CRITICAL - 2021-07-02 09:07:12 --> Call to undefined function App\Controllers\mysql_select_db()
#0 C:\xampp\htdocs\cpanel\system\CodeIgniter.php(914): App\Controllers\Login->index()
#1 C:\xampp\htdocs\cpanel\system\CodeIgniter.php(400): CodeIgniter\CodeIgniter->runController(Object(App\Controllers\Login))
#2 C:\xampp\htdocs\cpanel\system\CodeIgniter.php(308): CodeIgniter\CodeIgniter->handleRequest(NULL, Object(Config\Cache), false)
#3 C:\xampp\htdocs\cpanel\public\index.php(45): CodeIgniter\CodeIgniter->run()
#4 {main}
CRITICAL - 2021-07-02 09:09:36 --> Call to undefined function App\Controllers\mysql_connect()
#0 C:\xampp\htdocs\cpanel\system\CodeIgniter.php(914): App\Controllers\Login->index()
#1 C:\xampp\htdocs\cpanel\system\CodeIgniter.php(400): CodeIgniter\CodeIgniter->runController(Object(App\Controllers\Login))
#2 C:\xampp\htdocs\cpanel\system\CodeIgniter.php(308): CodeIgniter\CodeIgniter->handleRequest(NULL, Object(Config\Cache), false)
#3 C:\xampp\htdocs\cpanel\public\index.php(45): CodeIgniter\CodeIgniter->run()
#4 {main}
CRITICAL - 2021-07-02 09:09:49 --> Call to undefined function App\Controllers\mysql_select_db()
#0 C:\xampp\htdocs\cpanel\system\CodeIgniter.php(914): App\Controllers\Login->index()
#1 C:\xampp\htdocs\cpanel\system\CodeIgniter.php(400): CodeIgniter\CodeIgniter->runController(Object(App\Controllers\Login))
#2 C:\xampp\htdocs\cpanel\system\CodeIgniter.php(308): CodeIgniter\CodeIgniter->handleRequest(NULL, Object(Config\Cache), false)
#3 C:\xampp\htdocs\cpanel\public\index.php(45): CodeIgniter\CodeIgniter->run()
#4 {main}
CRITICAL - 2021-07-02 09:30:08 --> Call to undefined function App\Controllers\mysql_select_db()
#0 C:\xampp\htdocs\cpanel\system\CodeIgniter.php(914): App\Controllers\Login->index()
#1 C:\xampp\htdocs\cpanel\system\CodeIgniter.php(400): CodeIgniter\CodeIgniter->runController(Object(App\Controllers\Login))
#2 C:\xampp\htdocs\cpanel\system\CodeIgniter.php(308): CodeIgniter\CodeIgniter->handleRequest(NULL, Object(Config\Cache), false)
#3 C:\xampp\htdocs\cpanel\public\index.php(45): CodeIgniter\CodeIgniter->run()
#4 {main}
CRITICAL - 2021-07-02 10:16:11 --> Unknown database 'cpanels'
#0 C:\xampp\htdocs\cpanel\system\Database\BaseConnection.php(377): CodeIgniter\Database\MySQLi\Connection->connect(false)
#1 C:\xampp\htdocs\cpanel\system\Database\BaseConnection.php(643): CodeIgniter\Database\BaseConnection->initialize()
#2 C:\xampp\htdocs\cpanel\app\Filters\UsersCheck.php(27): CodeIgniter\Database\BaseConnection->query('SELECT *, null ...')
#3 C:\xampp\htdocs\cpanel\system\Filters\Filters.php(173): App\Filters\UsersCheck->before(Object(CodeIgniter\HTTP\IncomingRequest), NULL)
#4 C:\xampp\htdocs\cpanel\system\CodeIgniter.php(378): CodeIgniter\Filters\Filters->run('/cli/cli001', 'before')
#5 C:\xampp\htdocs\cpanel\system\CodeIgniter.php(308): CodeIgniter\CodeIgniter->handleRequest(NULL, Object(Config\Cache), false)
#6 C:\xampp\htdocs\cpanel\public\index.php(45): CodeIgniter\CodeIgniter->run()
#7 {main}
CRITICAL - 2021-07-02 10:16:21 --> Unknown database 'cpanels'
#0 C:\xampp\htdocs\cpanel\system\Database\BaseConnection.php(377): CodeIgniter\Database\MySQLi\Connection->connect(false)
#1 C:\xampp\htdocs\cpanel\system\Database\BaseConnection.php(643): CodeIgniter\Database\BaseConnection->initialize()
#2 C:\xampp\htdocs\cpanel\app\Filters\UsersCheck.php(27): CodeIgniter\Database\BaseConnection->query('SELECT *, null ...')
#3 C:\xampp\htdocs\cpanel\system\Filters\Filters.php(173): App\Filters\UsersCheck->before(Object(CodeIgniter\HTTP\IncomingRequest), NULL)
#4 C:\xampp\htdocs\cpanel\system\CodeIgniter.php(378): CodeIgniter\Filters\Filters->run('/cli/cli001', 'before')
#5 C:\xampp\htdocs\cpanel\system\CodeIgniter.php(308): CodeIgniter\CodeIgniter->handleRequest(NULL, Object(Config\Cache), false)
#6 C:\xampp\htdocs\cpanel\public\index.php(45): CodeIgniter\CodeIgniter->run()
#7 {main}
CRITICAL - 2021-07-02 10:26:59 --> Unknown database 'cpanels'
#0 C:\xampp\htdocs\cpanel\system\Database\BaseConnection.php(377): CodeIgniter\Database\MySQLi\Connection->connect(false)
#1 C:\xampp\htdocs\cpanel\system\Database\BaseConnection.php(643): CodeIgniter\Database\BaseConnection->initialize()
#2 C:\xampp\htdocs\cpanel\app\Filters\UsersCheck.php(27): CodeIgniter\Database\BaseConnection->query('SELECT *, null ...')
#3 C:\xampp\htdocs\cpanel\system\Filters\Filters.php(173): App\Filters\UsersCheck->before(Object(CodeIgniter\HTTP\IncomingRequest), NULL)
#4 C:\xampp\htdocs\cpanel\system\CodeIgniter.php(378): CodeIgniter\Filters\Filters->run('/cli/cli001', 'before')
#5 C:\xampp\htdocs\cpanel\system\CodeIgniter.php(308): CodeIgniter\CodeIgniter->handleRequest(NULL, Object(Config\Cache), false)
#6 C:\xampp\htdocs\cpanel\public\index.php(45): CodeIgniter\CodeIgniter->run()
#7 {main}
CRITICAL - 2021-07-02 10:29:57 --> You have an error in your SQL syntax; check the manual that corresponds to your MariaDB server version for the right syntax to use near 'DATABASES' at line 1
#0 C:\xampp\htdocs\cpanel\system\Database\MySQLi\Connection.php(331): mysqli->query('SELECT DATABASE...')
#1 C:\xampp\htdocs\cpanel\system\Database\BaseConnection.php(738): CodeIgniter\Database\MySQLi\Connection->execute('SELECT DATABASE...')
#2 C:\xampp\htdocs\cpanel\system\Database\BaseConnection.php(666): CodeIgniter\Database\BaseConnection->simpleQuery('SELECT DATABASE...')
#3 C:\xampp\htdocs\cpanel\app\Controllers\Login.php(37): CodeIgniter\Database\BaseConnection->query('SELECT DATABASE...')
#4 C:\xampp\htdocs\cpanel\system\CodeIgniter.php(914): App\Controllers\Login->index()
#5 C:\xampp\htdocs\cpanel\system\CodeIgniter.php(400): CodeIgniter\CodeIgniter->runController(Object(App\Controllers\Login))
#6 C:\xampp\htdocs\cpanel\system\CodeIgniter.php(308): CodeIgniter\CodeIgniter->handleRequest(NULL, Object(Config\Cache), false)
#7 C:\xampp\htdocs\cpanel\public\index.php(45): CodeIgniter\CodeIgniter->run()
#8 {main}
